Initial limit : 589627433.0000000000
Pass 1:
Speed : 20.9979002100
new limit :589627433.000000000
Inside speed limit..Passed

Pass 2:
Speed : 85.791420858
new limit :589627433.000000000
Inside speed limit..Passed

Pass 3:
Speed : 46.995300470
new limit :412739228.600000024
Inside speed limit..Passed

Pass 4:
Speed : 20.297970203
new limit :288917485.520000041
Inside speed limit..Passed

Pass 5:
Speed : 68.293170683
new limit :202242265.364000022
Inside speed limit..Passed

Pass 6:
Speed : 61.293870613
new limit :99098748.278360009
Inside speed limit..Passed

Pass 7:
Speed : 72.492750725
new limit :33990915.734477483
Inside speed limit..Passed

Pass 8:
Speed : 74.692530747
new limit :8161272.020348043
Inside speed limit..Passed

Pass 9:
Speed : 60.193980602
new limit :1371724.395209896
Inside speed limit..Passed

Pass 10:
Speed : 38.696130387
new limit :161441.588097049
Inside speed limit..Passed

Pass 11:
Speed : 54.694530547
new limit :19053.026123030
Inside speed limit..Passed

Pass 12:
Speed : 75.592440756
new limit :2301.154195348
Inside speed limit..Passed

Pass 13:
Speed : 74.592540746
new limit :253.719250450
Inside speed limit..Passed

Pass 14:
Speed : 51.494850515
new limit :81.772925137
Inside speed limit..Passed

Pass 15:
Speed : 53.594640536
new limit :68.717879325
Inside speed limit..Passed

Pass 16:
Speed : 50.694930507
new limit :64.376232609
Inside speed limit..Passed

Pass 17:
Speed : 53.694630537
new limit :62.354353978
Inside speed limit..Passed

Pass 18:
Speed : 39.396060394
new limit :61.363633449
Inside speed limit..Passed

Pass 19:
Speed : 0.399960004
new limit :60.878180390
Inside speed limit..Passed

Pass 20:
Speed : 70.292970703
new limit :60.614726273
Outside speed limit.Blocked

Pass 21:
Speed : 46.795320468
new limit :60.430308391
Inside speed limit..Passed

Pass 22:
Speed : 2.699730027
new limit :60.301215874
Inside speed limit..Passed

Pass 23:
Speed : 14.098590141
new limit :60.210851112
Inside speed limit..Passed

Pass 24:
Speed : 68.993100690
new limit :60.147595778
Outside speed limit.Blocked

Pass 25:
Speed : 6.399360064
new limit :60.103317045
Inside speed limit..Passed

Pass 26:
Speed : 76.992300770
new limit :60.072321931
Outside speed limit.Blocked

Pass 27:
Speed : 18.298170183
new limit :60.050625352
Inside speed limit..Passed

Pass 28:
Speed : 60.793920608
new limit :60.035437746
Outside speed limit.Blocked

Pass 29:
Speed : 44.795520448
new limit :60.017364496
Inside speed limit..Passed

Pass 30:
Speed : 10.098990101
new limit :60.008508603
Inside speed limit..Passed

Pass 31:
Speed : 24.197580242
new limit :60.004169215
Inside speed limit..Passed

Pass 32:
Speed : 71.092890711
new limit :60.002042916
Outside speed limit.Blocked

Pass 33:
Speed : 11.098890111
new limit :60.001001029
Inside speed limit..Passed

Pass 34:
Speed : 76.392360764
new limit :60.000490504
Outside speed limit.Blocked

Pass 35:
Speed : 1.399860014
new limit :60.000240347
Inside speed limit..Passed

Pass 36:
Speed : 84.591540846
new limit :60.000117770
Outside speed limit.Blocked

Pass 37:
Speed : 47.795220478
new limit :60.000057707
Inside speed limit..Passed

Pass 38:
Speed : 79.092090791
new limit :60.000028277
Outside speed limit.Blocked

Pass 39:
Speed : 69.293070693
new limit :60.000013856
Outside speed limit.Blocked

Pass 40:
Speed : 23.197680232
new limit :60.000006789
Inside speed limit..Passed

Pass 41:
Speed : 33.096690331
new limit :60.000003327
Inside speed limit..Passed

Pass 42:
Speed : 39.196080392
new limit :60.000001630
Inside speed limit..Passed

Pass 43:
Speed : 8.899110089
new limit :60.000000799
Inside speed limit..Passed

Pass 44:
Speed : 22.897710229
new limit :60.000000391
Inside speed limit..Passed

Pass 45:
Speed : 0.699930007
new limit :60.000000192
Inside speed limit..Passed

Pass 46:
Speed : 67.693230677
new limit :60.000000094
Outside speed limit.Blocked

Pass 47:
Speed : 73.592640736
new limit :60.000000046
Outside speed limit.Blocked

Pass 48:
Speed : 54.394560544
new limit :60.000000023
Inside speed limit..Passed

Pass 49:
Speed : 22.297770223
new limit :60.000000011
Inside speed limit..Passed

Pass 50:
Speed : 79.192080792
new limit :60.000000005
Outside speed limit.Blocked

Pass 51:
Speed : 39.896010399
new limit :60.000000003
Inside speed limit..Passed

Pass 52:
Speed : 69.093090691
new limit :60.000000001
Outside speed limit.Blocked

Pass 53:
Speed : 87.191280872
new limit :60.000000001
Outside speed limit.Blocked

Pass 54:
Speed : 54.094590541
new limit :60.000000000
Inside speed limit..Passed

Pass 55:
Speed : 53.394660534
new limit :60.000000000
Inside speed limit..Passed

Pass 56:
Speed : 3.599640036
new limit :60.000000000
Inside speed limit..Passed

Pass 57:
Speed : 46.295370463
new limit :60.000000000
Inside speed limit..Passed

Pass 58:
Speed : 71.692830717
new limit :60.000000000
Outside speed limit.Blocked

Pass 59:
Speed : 69.693030697
new limit :60.000000000
Outside speed limit.Blocked

Pass 60:
Speed : 1.199880012
new limit :60.000000000
Inside speed limit..Passed

Pass 61:
Speed : 86.991300870
new limit :60.000000000
Outside speed limit.Blocked

Pass 62:
Speed : 9.099090091
new limit :60.000000000
Inside speed limit..Passed

Pass 63:
Speed : 72.292770723
new limit :60.000000000
Outside speed limit.Blocked

Pass 64:
Speed : 13.298670133
new limit :60.000000000
Inside speed limit..Passed

Pass 65:
Speed : 85.491450855
new limit :60.000000000
Outside speed limit.Blocked

Pass 66:
Speed : 78.892110789
new limit :60.000000000
Outside speed limit.Blocked

Pass 67:
Speed : 7.899210079
new limit :60.000000000
Inside speed limit..Passed

Pass 68:
Speed : 48.495150485
new limit :60.000000000
Inside speed limit..Passed

Pass 69:
Speed : 68.093190681
new limit :60.000000000
Outside speed limit.Blocked

Pass 70:
Speed : 82.391760824
new limit :60.000000000
Outside speed limit.Blocked

Pass 71:
Speed : 76.992300770
new limit :60.000000000
Outside speed limit.Blocked

Pass 72:
Speed : 11.198880112
new limit :60.000000000
Inside speed limit..Passed

Pass 73:
Speed : 31.596840316
new limit :60.000000000
Inside speed limit..Passed

Pass 74:
Speed : 85.891410859
new limit :60.000000000
Outside speed limit.Blocked

Pass 75:
Speed : 34.096590341
new limit :60.000000000
Inside speed limit..Passed

Pass 76:
Speed : 32.296770323
new limit :60.000000000
Inside speed limit..Passed

Pass 77:
Speed : 63.593640636
new limit :60.000000000
Outside speed limit.Blocked

Pass 78:
Speed : 22.897710229
new limit :60.000000000
Inside speed limit..Passed

Pass 79:
Speed : 1.899810019
new limit :60.000000000
Inside speed limit..Passed

Pass 80:
Speed : 1.099890011
new limit :60.000000000
Inside speed limit..Passed

Pass 81:
Speed : 17.298270173
new limit :60.000000000
Inside speed limit..Passed

Pass 82:
Speed : 47.095290471
new limit :60.000000000
Inside speed limit..Passed

Pass 83:
Speed : 70.292970703
new limit :60.000000000
Outside speed limit.Blocked

Pass 84:
Speed : 14.498550145
new limit :60.000000000
Inside speed limit..Passed

Pass 85:
Speed : 16.398360164
new limit :60.000000000
Inside speed limit..Passed

Pass 86:
Speed : 38.896110389
new limit :60.000000000
Inside speed limit..Passed

Pass 87:
Speed : 23.397660234
new limit :60.000000000
Inside speed limit..Passed

Pass 88:
Speed : 62.693730627
new limit :60.000000000
Outside speed limit.Blocked

Pass 89:
Speed : 20.597940206
new limit :60.000000000
Inside speed limit..Passed

Pass 90:
Speed : 3.099690031
new limit :60.000000000
Inside speed limit..Passed

Pass 91:
Speed : 69.093090691
new limit :60.000000000
Outside speed limit.Blocked

Pass 92:
Speed : 22.897710229
new limit :60.000000000
Inside speed limit..Passed

Pass 93:
Speed : 12.198780122
new limit :60.000000000
Inside speed limit..Passed

Pass 94:
Speed : 51.394860514
new limit :60.000000000
Inside speed limit..Passed

Pass 95:
Speed : 41.395860414
new limit :60.000000000
Inside speed limit..Passed

Pass 96:
Speed : 12.898710129
new limit :60.000000000
Inside speed limit..Passed

Pass 97:
Speed : 45.595440456
new limit :60.000000000
Inside speed limit..Passed

Pass 98:
Speed : 49.395060494
new limit :60.000000000
Inside speed limit..Passed

Pass 99:
Speed : 66.693330667
new limit :60.000000000
Outside speed limit.Blocked

Pass 100:
Speed : 23.697630237
new limit :60.000000000
Inside speed limit..Passed

Pass 101:
Speed : 41.795820418
new limit :60.000000000
Inside speed limit..Passed

Pass 102:
Speed : 53.694630537
new limit :60.000000000
Inside speed limit..Passed

Pass 103:
Speed : 40.095990401
new limit :60.000000000
Inside speed limit..Passed

Pass 104:
Speed : 78.692130787
new limit :60.000000000
Outside speed limit.Blocked

Pass 105:
Speed : 54.794520548
new limit :60.000000000
Inside speed limit..Passed

Pass 106:
Speed : 74.192580742
new limit :60.000000000
Outside speed limit.Blocked

Pass 107:
Speed : 26.197380262
new limit :60.000000000
Inside speed limit..Passed

Pass 108:
Speed : 33.596640336
new limit :60.000000000
Inside speed limit..Passed

Pass 109:
Speed : 12.298770123
new limit :60.000000000
Inside speed limit..Passed

Pass 110:
Speed : 33.396660334
new limit :60.000000000
Inside speed limit..Passed

Pass 111:
Speed : 34.696530347
new limit :60.000000000
Inside speed limit..Passed

Pass 112:
Speed : 29.597040296
new limit :60.000000000
Inside speed limit..Passed

Pass 113:
Speed : 80.491950805
new limit :60.000000000
Outside speed limit.Blocked

Pass 114:
Speed : 20.197980202
new limit :60.000000000
Inside speed limit..Passed

Pass 115:
Speed : 44.195580442
new limit :60.000000000
Inside speed limit..Passed

Pass 116:
Speed : 6.899310069
new limit :60.000000000
Inside speed limit..Passed

Pass 117:
Speed : 59.094090591
new limit :60.000000000
Inside speed limit..Passed

Pass 118:
Speed : 72.792720728
new limit :60.000000000
Outside speed limit.Blocked

Pass 119:
Speed : 69.593040696
new limit :60.000000000
Outside speed limit.Blocked

Pass 120:
Speed : 84.991500850
new limit :60.000000000
Outside speed limit.Blocked

Pass 121:
Speed : 75.892410759
new limit :60.000000000
Outside speed limit.Blocked

Pass 122:
Speed : 48.795120488
new limit :60.000000000
Inside speed limit..Passed

Pass 123:
Speed : 17.898210179
new limit :60.000000000
Inside speed limit..Passed

Pass 124:
Speed : 3.299670033
new limit :60.000000000
Inside speed limit..Passed

Pass 125:
Speed : 15.398460154
new limit :60.000000000
Inside speed limit..Passed

Pass 126:
Speed : 64.493550645
new limit :60.000000000
Outside speed limit.Blocked

Pass 127:
Speed : 21.397860214
new limit :60.000000000
Inside speed limit..Passed

Pass 128:
Speed : 60.993900610
new limit :60.000000000
Outside speed limit.Blocked

Pass 129:
Speed : 23.897610239
new limit :60.000000000
Inside speed limit..Passed

Pass 130:
Speed : 3.299670033
new limit :60.000000000
Inside speed limit..Passed

Pass 131:
Speed : 89.891010899
new limit :60.000000000
Outside speed limit.Blocked

Pass 132:
Speed : 70.992900710
new limit :60.000000000
Outside speed limit.Blocked

Pass 133:
Speed : 56.994300570
new limit :60.000000000
Inside speed limit..Passed

Pass 134:
Speed : 39.996000400
new limit :60.000000000
Inside speed limit..Passed

Pass 135:
Speed : 64.893510649
new limit :60.000000000
Outside speed limit.Blocked

Pass 136:
Speed : 21.797820218
new limit :60.000000000
Inside speed limit..Passed

Pass 137:
Speed : 29.397060294
new limit :60.000000000
Inside speed limit..Passed

Pass 138:
Speed : 1.099890011
new limit :60.000000000
Inside speed limit..Passed

Pass 139:
Speed : 60.593940606
new limit :60.000000000
Outside speed limit.Blocked

Pass 140:
Speed : 41.695830417
new limit :60.000000000
Inside speed limit..Passed

Pass 141:
Speed : 34.496550345
new limit :60.000000000
Inside speed limit..Passed

Pass 142:
Speed : 5.399460054
new limit :60.000000000
Inside speed limit..Passed

Pass 143:
Speed : 71.392860714
new limit :60.000000000
Outside speed limit.Blocked

Pass 144:
Speed : 30.196980302
new limit :60.000000000
Inside speed limit..Passed

Pass 145:
Speed : 25.597440256
new limit :60.000000000
Inside speed limit..Passed

Pass 146:
Speed : 30.796920308
new limit :60.000000000
Inside speed limit..Passed

Pass 147:
Speed : 37.096290371
new limit :60.000000000
Inside speed limit..Passed

Pass 148:
Speed : 0.000000000
new limit :60.000000000
Inside speed limit..Passed

Pass 149:
Speed : 13.598640136
new limit :60.000000000
Inside speed limit..Passed

Pass 150:
Speed : 21.997800220
new limit :60.000000000
Inside speed limit..Passed

Pass 151:
Speed : 84.991500850
new limit :60.000000000
Outside speed limit.Blocked

Pass 152:
Speed : 4.699530047
new limit :60.000000000
Inside speed limit..Passed

Pass 153:
Speed : 70.792920708
new limit :60.000000000
Outside speed limit.Blocked

Pass 154:
Speed : 18.098190181
new limit :60.000000000
Inside speed limit..Passed

Pass 155:
Speed : 13.198680132
new limit :60.000000000
Inside speed limit..Passed

Pass 156:
Speed : 1.399860014
new limit :60.000000000
Inside speed limit..Passed

Pass 157:
Speed : 82.591740826
new limit :60.000000000
Outside speed limit.Blocked

Pass 158:
Speed : 39.796020398
new limit :60.000000000
Inside speed limit..Passed

Pass 159:
Speed : 67.693230677
new limit :60.000000000
Outside speed limit.Blocked

Pass 160:
Speed : 16.598340166
new limit :60.000000000
Inside speed limit..Passed

Pass 161:
Speed : 43.195680432
new limit :60.000000000
Inside speed limit..Passed

Pass 162:
Speed : 67.593240676
new limit :60.000000000
Outside speed limit.Blocked

Pass 163:
Speed : 2.799720028
new limit :60.000000000
Inside speed limit..Passed

Pass 164:
Speed : 10.198980102
new limit :60.000000000
Inside speed limit..Passed

Pass 165:
Speed : 17.698230177
new limit :60.000000000
Inside speed limit..Passed

Pass 166:
Speed : 67.693230677
new limit :60.000000000
Outside speed limit.Blocked

Pass 167:
Speed : 37.296270373
new limit :60.000000000
Inside speed limit..Passed

Pass 168:
Speed : 52.294770523
new limit :60.000000000
Inside speed limit..Passed

Pass 169:
Speed : 73.992600740
new limit :60.000000000
Outside speed limit.Blocked

Pass 170:
Speed : 7.899210079
new limit :60.000000000
Inside speed limit..Passed

Pass 171:
Speed : 4.099590041
new limit :60.000000000
Inside speed limit..Passed

Pass 172:
Speed : 18.598140186
new limit :60.000000000
Inside speed limit..Passed

Pass 173:
Speed : 18.498150185
new limit :60.000000000
Inside speed limit..Passed

Pass 174:
Speed : 80.691930807
new limit :60.000000000
Outside speed limit.Blocked

Pass 175:
Speed : 48.795120488
new limit :60.000000000
Inside speed limit..Passed

Pass 176:
Speed : 49.395060494
new limit :60.000000000
Inside speed limit..Passed

Pass 177:
Speed : 21.497850215
new limit :60.000000000
Inside speed limit..Passed

Pass 178:
Speed : 1.199880012
new limit :60.000000000
Inside speed limit..Passed

Pass 179:
Speed : 49.395060494
new limit :60.000000000
Inside speed limit..Passed

Pass 180:
Speed : 40.295970403
new limit :60.000000000
Inside speed limit..Passed

Pass 181:
Speed : 23.197680232
new limit :60.000000000
Inside speed limit..Passed

Pass 182:
Speed : 44.395560444
new limit :60.000000000
Inside speed limit..Passed

Pass 183:
Speed : 50.194980502
new limit :60.000000000
Inside speed limit..Passed

Pass 184:
Speed : 9.199080092
new limit :60.000000000
Inside speed limit..Passed

Pass 185:
Speed : 62.493750625
new limit :60.000000000
Outside speed limit.Blocked

Pass 186:
Speed : 63.393660634
new limit :60.000000000
Outside speed limit.Blocked

Pass 187:
Speed : 15.798420158
new limit :60.000000000
Inside speed limit..Passed

Pass 188:
Speed : 60.293970603
new limit :60.000000000
Outside speed limit.Blocked

Pass 189:
Speed : 13.198680132
new limit :60.000000000
Inside speed limit..Passed

Pass 190:
Speed : 83.491650835
new limit :60.000000000
Outside speed limit.Blocked

Pass 191:
Speed : 76.892310769
new limit :60.000000000
Outside speed limit.Blocked

Pass 192:
Speed : 56.394360564
new limit :60.000000000
Inside speed limit..Passed

Pass 193:
Speed : 66.393360664
new limit :60.000000000
Outside speed limit.Blocked

Pass 194:
Speed : 84.891510849
new limit :60.000000000
Outside speed limit.Blocked

Pass 195:
Speed : 71.892810719
new limit :60.000000000
Outside speed limit.Blocked

Pass 196:
Speed : 89.291070893
new limit :60.000000000
Outside speed limit.Blocked

Pass 197:
Speed : 67.793220678
new limit :60.000000000
Outside speed limit.Blocked

Pass 198:
Speed : 24.397560244
new limit :60.000000000
Inside speed limit..Passed

Pass 199:
Speed : 51.594840516
new limit :60.000000000
Inside speed limit..Passed

Pass 200:
Speed : 51.894810519
new limit :60.000000000
Inside speed limit..Passed

Pass 201:
Speed : 37.496250375
new limit :60.000000000
Inside speed limit..Passed

Pass 202:
Speed : 55.694430557
new limit :60.000000000
Inside speed limit..Passed

Pass 203:
Speed : 70.492950705
new limit :60.000000000
Outside speed limit.Blocked

Pass 204:
Speed : 56.094390561
new limit :60.000000000
Inside speed limit..Passed

Pass 205:
Speed : 46.395360464
new limit :60.000000000
Inside speed limit..Passed

Pass 206:
Speed : 34.496550345
new limit :60.000000000
Inside speed limit..Passed

Pass 207:
Speed : 15.498450155
new limit :60.000000000
Inside speed limit..Passed

Pass 208:
Speed : 73.092690731
new limit :60.000000000
Outside speed limit.Blocked

Pass 209:
Speed : 35.696430357
new limit :60.000000000
Inside speed limit..Passed

Pass 210:
Speed : 70.092990701
new limit :60.000000000
Outside speed limit.Blocked

Pass 211:
Speed : 28.597140286
new limit :60.000000000
Inside speed limit..Passed

Pass 212:
Speed : 58.894110589
new limit :60.000000000
Inside speed limit..Passed

Pass 213:
Speed : 24.497550245
new limit :60.000000000
Inside speed limit..Passed

Pass 214:
Speed : 78.792120788
new limit :60.000000000
Outside speed limit.Blocked

Pass 215:
Speed : 73.292670733
new limit :60.000000000
Outside speed limit.Blocked

Pass 216:
Speed : 2.199780022
new limit :60.000000000
Inside speed limit..Passed

Pass 217:
Speed : 57.394260574
new limit :60.000000000
Inside speed limit..Passed

Pass 218:
Speed : 89.191080892
new limit :60.000000000
Outside speed limit.Blocked

Pass 219:
Speed : 62.493750625
new limit :60.000000000
Outside speed limit.Blocked

Pass 220:
Speed : 70.692930707
new limit :60.000000000
Outside speed limit.Blocked

Pass 221:
Speed : 82.691730827
new limit :60.000000000
Outside speed limit.Blocked

Pass 222:
Speed : 54.694530547
new limit :60.000000000
Inside speed limit..Passed

Pass 223:
Speed : 42.295770423
new limit :60.000000000
Inside speed limit..Passed

Pass 224:
Speed : 59.094090591
new limit :60.000000000
Inside speed limit..Passed

Pass 225:
Speed : 49.595040496
new limit :60.000000000
Inside speed limit..Passed

Pass 226:
Speed : 29.397060294
new limit :60.000000000
Inside speed limit..Passed

Pass 227:
Speed : 58.394160584
new limit :60.000000000
Inside speed limit..Passed

Pass 228:
Speed : 27.497250275
new limit :60.000000000
Inside speed limit..Passed

Pass 229:
Speed : 53.794620538
new limit :60.000000000
Inside speed limit..Passed

Pass 230:
Speed : 20.097990201
new limit :60.000000000
Inside speed limit..Passed

Pass 231:
Speed : 84.591540846
new limit :60.000000000
Outside speed limit.Blocked

Pass 232:
Speed : 6.599340066
new limit :60.000000000
Inside speed limit..Passed

Pass 233:
Speed : 80.991900810
new limit :60.000000000
Outside speed limit.Blocked

Pass 234:
Speed : 65.093490651
new limit :60.000000000
Outside speed limit.Blocked

Pass 235:
Speed : 67.893210679
new limit :60.000000000
Outside speed limit.Blocked

Pass 236:
Speed : 42.695730427
new limit :60.000000000
Inside speed limit..Passed

Pass 237:
Speed : 9.599040096
new limit :60.000000000
Inside speed limit..Passed

Pass 238:
Speed : 88.591140886
new limit :60.000000000
Outside speed limit.Blocked

Pass 239:
Speed : 25.797420258
new limit :60.000000000
Inside speed limit..Passed

Pass 240:
Speed : 50.594940506
new limit :60.000000000
Inside speed limit..Passed

Pass 241:
Speed : 68.693130687
new limit :60.000000000
Outside speed limit.Blocked

Pass 242:
Speed : 54.494550545
new limit :60.000000000
Inside speed limit..Passed

Pass 243:
Speed : 24.697530247
new limit :60.000000000
Inside speed limit..Passed

Pass 244:
Speed : 8.399160084
new limit :60.000000000
Inside speed limit..Passed

Pass 245:
Speed : 48.495150485
new limit :60.000000000
Inside speed limit..Passed

Pass 246:
Speed : 8.099190081
new limit :60.000000000
Inside speed limit..Passed

Pass 247:
Speed : 10.598940106
new limit :60.000000000
Inside speed limit..Passed

Pass 248:
Speed : 15.998400160
new limit :60.000000000
Inside speed limit..Passed

Pass 249:
Speed : 7.299270073
new limit :60.000000000
Inside speed limit..Passed

Pass 250:
Speed : 78.292170783
new limit :60.000000000
Outside speed limit.Blocked

Pass 251:
Speed : 1.899810019
new limit :60.000000000
Inside speed limit..Passed

Pass 252:
Speed : 0.000000000
new limit :60.000000000
Inside speed limit..Passed

Pass 253:
Speed : 42.995700430
new limit :60.000000000
Inside speed limit..Passed

Pass 254:
Speed : 44.195580442
new limit :60.000000000
Inside speed limit..Passed

Pass 255:
Speed : 64.393560644
new limit :60.000000000
Outside speed limit.Blocked

Pass 256:
Speed : 7.899210079
new limit :60.000000000
Inside speed limit..Passed

Pass 257:
Speed : 78.892110789
new limit :60.000000000
Outside speed limit.Blocked

Pass 258:
Speed : 37.996200380
new limit :60.000000000
Inside speed limit..Passed

Pass 259:
Speed : 40.595940406
new limit :60.000000000
Inside speed limit..Passed

Pass 260:
Speed : 47.895210479
new limit :60.000000000
Inside speed limit..Passed

Pass 261:
Speed : 63.293670633
new limit :60.000000000
Outside speed limit.Blocked

Pass 262:
Speed : 35.196480352
new limit :60.000000000
Inside speed limit..Passed

Pass 263:
Speed : 54.494550545
new limit :60.000000000
Inside speed limit..Passed

Pass 264:
Speed : 54.394560544
new limit :60.000000000
Inside speed limit..Passed

Pass 265:
Speed : 15.498450155
new limit :60.000000000
Inside speed limit..Passed

Pass 266:
Speed : 32.396760324
new limit :60.000000000
Inside speed limit..Passed

Pass 267:
Speed : 7.099290071
new limit :60.000000000
Inside speed limit..Passed

Pass 268:
Speed : 30.296970303
new limit :60.000000000
Inside speed limit..Passed

Pass 269:
Speed : 30.996900310
new limit :60.000000000
Inside speed limit..Passed

Pass 270:
Speed : 38.096190381
new limit :60.000000000
Inside speed limit..Passed

Pass 271:
Speed : 80.891910809
new limit :60.000000000
Outside speed limit.Blocked

Pass 272:
Speed : 9.699030097
new limit :60.000000000
Inside speed limit..Passed

Pass 273:
Speed : 2.599740026
new limit :60.000000000
Inside speed limit..Passed

Pass 274:
Speed : 15.698430157
new limit :60.000000000
Inside speed limit..Passed

Pass 275:
Speed : 23.297670233
new limit :60.000000000
Inside speed limit..Passed

Pass 276:
Speed : 51.194880512
new limit :60.000000000
Inside speed limit..Passed

Pass 277:
Speed : 28.997100290
new limit :60.000000000
Inside speed limit..Passed

Pass 278:
Speed : 33.896610339
new limit :60.000000000
Inside speed limit..Passed

Pass 279:
Speed : 72.392760724
new limit :60.000000000
Outside speed limit.Blocked

Pass 280:
Speed : 36.296370363
new limit :60.000000000
Inside speed limit..Passed

Pass 281:
Speed : 22.297770223
new limit :60.000000000
Inside speed limit..Passed

Pass 282:
Speed : 74.292570743
new limit :60.000000000
Outside speed limit.Blocked

Pass 283:
Speed : 41.495850415
new limit :60.000000000
Inside speed limit..Passed

Pass 284:
Speed : 70.492950705
new limit :60.000000000
Outside speed limit.Blocked

Pass 285:
Speed : 33.696630337
new limit :60.000000000
Inside speed limit..Passed

Pass 286:
Speed : 21.097890211
new limit :60.000000000
Inside speed limit..Passed

Pass 287:
Speed : 83.591640836
new limit :60.000000000
Outside speed limit.Blocked

Pass 288:
Speed : 22.597740226
new limit :60.000000000
Inside speed limit..Passed

Pass 289:
Speed : 59.194080592
new limit :60.000000000
Inside speed limit..Passed

Pass 290:
Speed : 39.396060394
new limit :60.000000000
Inside speed limit..Passed

Pass 291:
Speed : 70.592940706
new limit :60.000000000
Outside speed limit.Blocked

Pass 292:
Speed : 32.496750325
new limit :60.000000000
Inside speed limit..Passed

Pass 293:
Speed : 74.592540746
new limit :60.000000000
Outside speed limit.Blocked

Pass 294:
Speed : 40.295970403
new limit :60.000000000
Inside speed limit..Passed

Pass 295:
Speed : 2.099790021
new limit :60.000000000
Inside speed limit..Passed

Pass 296:
Speed : 5.299470053
new limit :60.000000000
Inside speed limit..Passed

Pass 297:
Speed : 72.792720728
new limit :60.000000000
Outside speed limit.Blocked

Pass 298:
Speed : 14.398560144
new limit :60.000000000
Inside speed limit..Passed

Pass 299:
Speed : 35.696430357
new limit :60.000000000
Inside speed limit..Passed

Pass 300:
Speed : 18.998100190
new limit :60.000000000
Inside speed limit..Passed

Pass 301:
Speed : 52.594740526
new limit :60.000000000
Inside speed limit..Passed

Pass 302:
Speed : 31.796820318
new limit :60.000000000
Inside speed limit..Passed

Pass 303:
Speed : 33.996600340
new limit :60.000000000
Inside speed limit..Passed

Pass 304:
Speed : 60.393960604
new limit :60.000000000
Outside speed limit.Blocked

Pass 305:
Speed : 52.694730527
new limit :60.000000000
Inside speed limit..Passed

Pass 306:
Speed : 57.294270573
new limit :60.000000000
Inside speed limit..Passed

Pass 307:
Speed : 26.797320268
new limit :60.000000000
Inside speed limit..Passed

Pass 308:
Speed : 81.691830817
new limit :60.000000000
Outside speed limit.Blocked

Pass 309:
Speed : 6.499350065
new limit :60.000000000
Inside speed limit..Passed

Pass 310:
Speed : 9.199080092
new limit :60.000000000
Inside speed limit..Passed

Pass 311:
Speed : 33.196680332
new limit :60.000000000
Inside speed limit..Passed

Pass 312:
Speed : 33.996600340
new limit :60.000000000
Inside speed limit..Passed

Pass 313:
Speed : 83.491650835
new limit :60.000000000
Outside speed limit.Blocked

Pass 314:
Speed : 79.992000800
new limit :60.000000000
Outside speed limit.Blocked

Pass 315:
Speed : 14.498550145
new limit :60.000000000
Inside speed limit..Passed

Pass 316:
Speed : 27.297270273
new limit :60.000000000
Inside speed limit..Passed

Pass 317:
Speed : 11.098890111
new limit :60.000000000
Inside speed limit..Passed

Pass 318:
Speed : 13.398660134
new limit :60.000000000
Inside speed limit..Passed

Pass 319:
Speed : 49.895010499
new limit :60.000000000
Inside speed limit..Passed

Pass 320:
Speed : 70.292970703
new limit :60.000000000
Outside speed limit.Blocked

Pass 321:
Speed : 52.794720528
new limit :60.000000000
Inside speed limit..Passed

Pass 322:
Speed : 35.696430357
new limit :60.000000000
Inside speed limit..Passed

Pass 323:
Speed : 18.098190181
new limit :60.000000000
Inside speed limit..Passed

Pass 324:
Speed : 42.695730427
new limit :60.000000000
Inside speed limit..Passed

Pass 325:
Speed : 76.092390761
new limit :60.000000000
Outside speed limit.Blocked

Pass 326:
Speed : 20.197980202
new limit :60.000000000
Inside speed limit..Passed

Pass 327:
Speed : 47.995200480
new limit :60.000000000
Inside speed limit..Passed

Pass 328:
Speed : 64.093590641
new limit :60.000000000
Outside speed limit.Blocked

Pass 329:
Speed : 34.696530347
new limit :60.000000000
Inside speed limit..Passed

Pass 330:
Speed : 88.891110889
new limit :60.000000000
Outside speed limit.Blocked

Pass 331:
Speed : 83.091690831
new limit :60.000000000
Outside speed limit.Blocked

Pass 332:
Speed : 2.499750025
new limit :60.000000000
Inside speed limit..Passed

Pass 333:
Speed : 35.996400360
new limit :60.000000000
Inside speed limit..Passed

Pass 334:
Speed : 32.296770323
new limit :60.000000000
Inside speed limit..Passed

Pass 335:
Speed : 62.893710629
new limit :60.000000000
Outside speed limit.Blocked

Pass 336:
Speed : 3.899610039
new limit :60.000000000
Inside speed limit..Passed

Pass 337:
Speed : 89.691030897
new limit :60.000000000
Outside speed limit.Blocked

Pass 338:
Speed : 89.791020898
new limit :60.000000000
Outside speed limit.Blocked

Pass 339:
Speed : 85.691430857
new limit :60.000000000
Outside speed limit.Blocked

Pass 340:
Speed : 6.199380062
new limit :60.000000000
Inside speed limit..Passed

Pass 341:
Speed : 8.999100090
new limit :60.000000000
Inside speed limit..Passed

Pass 342:
Speed : 34.096590341
new limit :60.000000000
Inside speed limit..Passed

Pass 343:
Speed : 45.395460454
new limit :60.000000000
Inside speed limit..Passed

Pass 344:
Speed : 7.799220078
new limit :60.000000000
Inside speed limit..Passed

Pass 345:
Speed : 24.097590241
new limit :60.000000000
Inside speed limit..Passed

Pass 346:
Speed : 59.894010599
new limit :60.000000000
Inside speed limit..Passed

Pass 347:
Speed : 35.096490351
new limit :60.000000000
Inside speed limit..Passed

Pass 348:
Speed : 35.296470353
new limit :60.000000000
Inside speed limit..Passed

Pass 349:
Speed : 78.492150785
new limit :60.000000000
Outside speed limit.Blocked

Pass 350:
Speed : 0.199980002
new limit :60.000000000
Inside speed limit..Passed

Pass 351:
Speed : 20.797920208
new limit :60.000000000
Inside speed limit..Passed

Pass 352:
Speed : 41.395860414
new limit :60.000000000
Inside speed limit..Passed

Pass 353:
Speed : 35.996400360
new limit :60.000000000
Inside speed limit..Passed

Pass 354:
Speed : 44.095590441
new limit :60.000000000
Inside speed limit..Passed

Pass 355:
Speed : 89.291070893
new limit :60.000000000
Outside speed limit.Blocked

Pass 356:
Speed : 27.297270273
new limit :60.000000000
Inside speed limit..Passed

Pass 357:
Speed : 69.593040696
new limit :60.000000000
Outside speed limit.Blocked

Pass 358:
Speed : 52.494750525
new limit :60.000000000
Inside speed limit..Passed

Pass 359:
Speed : 1.399860014
new limit :60.000000000
Inside speed limit..Passed

Pass 360:
Speed : 14.298570143
new limit :60.000000000
Inside speed limit..Passed

Pass 361:
Speed : 51.494850515
new limit :60.000000000
Inside speed limit..Passed

Pass 362:
Speed : 89.691030897
new limit :60.000000000
Outside speed limit.Blocked

Pass 363:
Speed : 21.997800220
new limit :60.000000000
Inside speed limit..Passed

Pass 364:
Speed : 2.699730027
new limit :60.000000000
Inside speed limit..Passed

Pass 365:
Speed : 37.296270373
new limit :60.000000000
Inside speed limit..Passed

Pass 366:
Speed : 84.891510849
new limit :60.000000000
Outside speed limit.Blocked

Pass 367:
Speed : 6.599340066
new limit :60.000000000
Inside speed limit..Passed

Pass 368:
Speed : 36.996300370
new limit :60.000000000
Inside speed limit..Passed

Pass 369:
Speed : 84.691530847
new limit :60.000000000
Outside speed limit.Blocked

Pass 370:
Speed : 7.499250075
new limit :60.000000000
Inside speed limit..Passed

Pass 371:
Speed : 48.395160484
new limit :60.000000000
Inside speed limit..Passed

Pass 372:
Speed : 8.999100090
new limit :60.000000000
Inside speed limit..Passed

Pass 373:
Speed : 41.695830417
new limit :60.000000000
Inside speed limit..Passed

Pass 374:
Speed : 8.999100090
new limit :60.000000000
Inside speed limit..Passed

Pass 375:
Speed : 16.798320168
new limit :60.000000000
Inside speed limit..Passed

Pass 376:
Speed : 70.992900710
new limit :60.000000000
Outside speed limit.Blocked

Pass 377:
Speed : 68.893110689
new limit :60.000000000
Outside speed limit.Blocked

Pass 378:
Speed : 57.094290571
new limit :60.000000000
Inside speed limit..Passed

Pass 379:
Speed : 16.298370163
new limit :60.000000000
Inside speed limit..Passed

Pass 380:
Speed : 62.693730627
new limit :60.000000000
Outside speed limit.Blocked

Pass 381:
Speed : 57.294270573
new limit :60.000000000
Inside speed limit..Passed

Pass 382:
Speed : 42.395760424
new limit :60.000000000
Inside speed limit..Passed

Pass 383:
Speed : 14.098590141
new limit :60.000000000
Inside speed limit..Passed

Pass 384:
Speed : 8.499150085
new limit :60.000000000
Inside speed limit..Passed

Pass 385:
Speed : 86.491350865
new limit :60.000000000
Outside speed limit.Blocked

Pass 386:
Speed : 13.398660134
new limit :60.000000000
Inside speed limit..Passed

Pass 387:
Speed : 40.995900410
new limit :60.000000000
Inside speed limit..Passed

Pass 388:
Speed : 66.093390661
new limit :60.000000000
Outside speed limit.Blocked

Pass 389:
Speed : 65.893410659
new limit :60.000000000
Outside speed limit.Blocked

Pass 390:
Speed : 47.595240476
new limit :60.000000000
Inside speed limit..Passed

Pass 391:
Speed : 85.591440856
new limit :60.000000000
Outside speed limit.Blocked

Pass 392:
Speed : 32.596740326
new limit :60.000000000
Inside speed limit..Passed

Pass 393:
Speed : 52.594740526
new limit :60.000000000
Inside speed limit..Passed

Pass 394:
Speed : 17.598240176
new limit :60.000000000
Inside speed limit..Passed

Pass 395:
Speed : 40.495950405
new limit :60.000000000
Inside speed limit..Passed

Pass 396:
Speed : 89.891010899
new limit :60.000000000
Outside speed limit.Blocked

Pass 397:
Speed : 17.798220178
new limit :60.000000000
Inside speed limit..Passed

Pass 398:
Speed : 47.195280472
new limit :60.000000000
Inside speed limit..Passed

Pass 399:
Speed : 42.095790421
new limit :60.000000000
Inside speed limit..Passed

Pass 400:
Speed : 12.498750125
new limit :60.000000000
Inside speed limit..Passed

Pass 401:
Speed : 54.694530547
new limit :60.000000000
Inside speed limit..Passed

Pass 402:
Speed : 5.699430057
new limit :60.000000000
Inside speed limit..Passed

Pass 403:
Speed : 26.697330267
new limit :60.000000000
Inside speed limit..Passed

Pass 404:
Speed : 11.598840116
new limit :60.000000000
Inside speed limit..Passed

Pass 405:
Speed : 14.698530147
new limit :60.000000000
Inside speed limit..Passed

Pass 406:
Speed : 48.695130487
new limit :60.000000000
Inside speed limit..Passed

Pass 407:
Speed : 82.691730827
new limit :60.000000000
Outside speed limit.Blocked

Pass 408:
Speed : 88.791120888
new limit :60.000000000
Outside speed limit.Blocked

Pass 409:
Speed : 15.798420158
new limit :60.000000000
Inside speed limit..Passed

Pass 410:
Speed : 14.198580142
new limit :60.000000000
Inside speed limit..Passed

Pass 411:
Speed : 61.493850615
new limit :60.000000000
Outside speed limit.Blocked

Pass 412:
Speed : 78.392160784
new limit :60.000000000
Outside speed limit.Blocked

Pass 413:
Speed : 56.594340566
new limit :60.000000000
Inside speed limit..Passed

Pass 414:
Speed : 80.791920808
new limit :60.000000000
Outside speed limit.Blocked

Pass 415:
Speed : 2.099790021
new limit :60.000000000
Inside speed limit..Passed

Pass 416:
Speed : 58.394160584
new limit :60.000000000
Inside speed limit..Passed

Pass 417:
Speed : 9.399060094
new limit :60.000000000
Inside speed limit..Passed

Pass 418:
Speed : 43.195680432
new limit :60.000000000
Inside speed limit..Passed

Pass 419:
Speed : 34.496550345
new limit :60.000000000
Inside speed limit..Passed

Pass 420:
Speed : 75.392460754
new limit :60.000000000
Outside speed limit.Blocked

Pass 421:
Speed : 0.799920008
new limit :60.000000000
Inside speed limit..Passed

Pass 422:
Speed : 30.196980302
new limit :60.000000000
Inside speed limit..Passed

Pass 423:
Speed : 23.197680232
new limit :60.000000000
Inside speed limit..Passed

Pass 424:
Speed : 58.594140586
new limit :60.000000000
Inside speed limit..Passed

Pass 425:
Speed : 52.994700530
new limit :60.000000000
Inside speed limit..Passed

Pass 426:
Speed : 63.793620638
new limit :60.000000000
Outside speed limit.Blocked

Pass 427:
Speed : 58.494150585
new limit :60.000000000
Inside speed limit..Passed

Pass 428:
Speed : 70.792920708
new limit :60.000000000
Outside speed limit.Blocked

Pass 429:
Speed : 26.197380262
new limit :60.000000000
Inside speed limit..Passed

Pass 430:
Speed : 10.598940106
new limit :60.000000000
Inside speed limit..Passed

Pass 431:
Speed : 88.591140886
new limit :60.000000000
Outside speed limit.Blocked

Pass 432:
Speed : 86.091390861
new limit :60.000000000
Outside speed limit.Blocked

Pass 433:
Speed : 16.298370163
new limit :60.000000000
Inside speed limit..Passed

Pass 434:
Speed : 30.496950305
new limit :60.000000000
Inside speed limit..Passed

Pass 435:
Speed : 7.799220078
new limit :60.000000000
Inside speed limit..Passed

Pass 436:
Speed : 36.196380362
new limit :60.000000000
Inside speed limit..Passed

Pass 437:
Speed : 79.292070793
new limit :60.000000000
Outside speed limit.Blocked

Pass 438:
Speed : 5.699430057
new limit :60.000000000
Inside speed limit..Passed

Pass 439:
Speed : 35.096490351
new limit :60.000000000
Inside speed limit..Passed

Pass 440:
Speed : 10.298970103
new limit :60.000000000
Inside speed limit..Passed

Pass 441:
Speed : 25.097490251
new limit :60.000000000
Inside speed limit..Passed

Pass 442:
Speed : 6.599340066
new limit :60.000000000
Inside speed limit..Passed

Pass 443:
Speed : 88.691130887
new limit :60.000000000
Outside speed limit.Blocked

Pass 444:
Speed : 86.991300870
new limit :60.000000000
Outside speed limit.Blocked

Pass 445:
Speed : 2.699730027
new limit :60.000000000
Inside speed limit..Passed

Pass 446:
Speed : 0.899910009
new limit :60.000000000
Inside speed limit..Passed

Pass 447:
Speed : 55.394460554
new limit :60.000000000
Inside speed limit..Passed

Pass 448:
Speed : 12.098790121
new limit :60.000000000
Inside speed limit..Passed

Pass 449:
Speed : 49.295070493
new limit :60.000000000
Inside speed limit..Passed

Pass 450:
Speed : 5.099490051
new limit :60.000000000
Inside speed limit..Passed

Pass 451:
Speed : 87.491250875
new limit :60.000000000
Outside speed limit.Blocked

Pass 452:
Speed : 55.294470553
new limit :60.000000000
Inside speed limit..Passed

Pass 453:
Speed : 40.495950405
new limit :60.000000000
Inside speed limit..Passed

Pass 454:
Speed : 25.997400260
new limit :60.000000000
Inside speed limit..Passed

Pass 455:
Speed : 23.997600240
new limit :60.000000000
Inside speed limit..Passed

Pass 456:
Speed : 3.599640036
new limit :60.000000000
Inside speed limit..Passed

Pass 457:
Speed : 4.999500050
new limit :60.000000000
Inside speed limit..Passed

Pass 458:
Speed : 87.691230877
new limit :60.000000000
Outside speed limit.Blocked

Pass 459:
Speed : 74.392560744
new limit :60.000000000
Outside speed limit.Blocked

Pass 460:
Speed : 31.196880312
new limit :60.000000000
Inside speed limit..Passed

Pass 461:
Speed : 8.399160084
new limit :60.000000000
Inside speed limit..Passed

Pass 462:
Speed : 78.192180782
new limit :60.000000000
Outside speed limit.Blocked

Pass 463:
Speed : 27.297270273
new limit :60.000000000
Inside speed limit..Passed

Pass 464:
Speed : 29.897010299
new limit :60.000000000
Inside speed limit..Passed

Pass 465:
Speed : 18.798120188
new limit :60.000000000
Inside speed limit..Passed

Pass 466:
Speed : 40.295970403
new limit :60.000000000
Inside speed limit..Passed

Pass 467:
Speed : 66.193380662
new limit :60.000000000
Outside speed limit.Blocked

Pass 468:
Speed : 8.099190081
new limit :60.000000000
Inside speed limit..Passed

Pass 469:
Speed : 51.194880512
new limit :60.000000000
Inside speed limit..Passed

Pass 470:
Speed : 16.498350165
new limit :60.000000000
Inside speed limit..Passed

Pass 471:
Speed : 18.398160184
new limit :60.000000000
Inside speed limit..Passed

Pass 472:
Speed : 76.392360764
new limit :60.000000000
Outside speed limit.Blocked

Pass 473:
Speed : 23.097690231
new limit :60.000000000
Inside speed limit..Passed

Pass 474:
Speed : 22.397760224
new limit :60.000000000
Inside speed limit..Passed

Pass 475:
Speed : 73.392660734
new limit :60.000000000
Outside speed limit.Blocked

Pass 476:
Speed : 30.996900310
new limit :60.000000000
Inside speed limit..Passed

Pass 477:
Speed : 28.497150285
new limit :60.000000000
Inside speed limit..Passed

Pass 478:
Speed : 43.995600440
new limit :60.000000000
Inside speed limit..Passed

Pass 479:
Speed : 43.195680432
new limit :60.000000000
Inside speed limit..Passed

Pass 480:
Speed : 77.792220778
new limit :60.000000000
Outside speed limit.Blocked

Pass 481:
Speed : 49.095090491
new limit :60.000000000
Inside speed limit..Passed

Pass 482:
Speed : 45.895410459
new limit :60.000000000
Inside speed limit..Passed

Pass 483:
Speed : 48.295170483
new limit :60.000000000
Inside speed limit..Passed

Pass 484:
Speed : 89.691030897
new limit :60.000000000
Outside speed limit.Blocked

Pass 485:
Speed : 71.892810719
new limit :60.000000000
Outside speed limit.Blocked

Pass 486:
Speed : 77.492250775
new limit :60.000000000
Outside speed limit.Blocked

Pass 487:
Speed : 3.299670033
new limit :60.000000000
Inside speed limit..Passed

Pass 488:
Speed : 82.091790821
new limit :60.000000000
Outside speed limit.Blocked

Pass 489:
Speed : 75.292470753
new limit :60.000000000
Outside speed limit.Blocked

Pass 490:
Speed : 82.891710829
new limit :60.000000000
Outside speed limit.Blocked

Pass 491:
Speed : 23.297670233
new limit :60.000000000
Inside speed limit..Passed

Pass 492:
Speed : 88.891110889
new limit :60.000000000
Outside speed limit.Blocked

Pass 493:
Speed : 76.392360764
new limit :60.000000000
Outside speed limit.Blocked

Pass 494:
Speed : 55.894410559
new limit :60.000000000
Inside speed limit..Passed

Pass 495:
Speed : 28.797120288
new limit :60.000000000
Inside speed limit..Passed

Pass 496:
Speed : 5.199480052
new limit :60.000000000
Inside speed limit..Passed

Pass 497:
Speed : 6.199380062
new limit :60.000000000
Inside speed limit..Passed

Pass 498:
Speed : 10.198980102
new limit :60.000000000
Inside speed limit..Passed

Pass 499:
Speed : 18.498150185
new limit :60.000000000
Inside speed limit..Passed

Pass 500:
Speed : 62.693730627
new limit :60.000000000
Outside speed limit.Blocked

Pass 501:
Speed : 26.697330267
new limit :60.000000000
Inside speed limit..Passed

Pass 502:
Speed : 36.896310369
new limit :60.000000000
Inside speed limit..Passed

Pass 503:
Speed : 49.095090491
new limit :60.000000000
Inside speed limit..Passed

Pass 504:
Speed : 55.094490551
new limit :60.000000000
Inside speed limit..Passed

Pass 505:
Speed : 64.493550645
new limit :60.000000000
Outside speed limit.Blocked

Pass 506:
Speed : 37.696230377
new limit :60.000000000
Inside speed limit..Passed

Pass 507:
Speed : 86.091390861
new limit :60.000000000
Outside speed limit.Blocked

Pass 508:
Speed : 2.999700030
new limit :60.000000000
Inside speed limit..Passed

Pass 509:
Speed : 81.691830817
new limit :60.000000000
Outside speed limit.Blocked

Pass 510:
Speed : 39.296070393
new limit :60.000000000
Inside speed limit..Passed

Pass 511:
Speed : 85.991400860
new limit :60.000000000
Outside speed limit.Blocked

Pass 512:
Speed : 40.795920408
new limit :60.000000000
Inside speed limit..Passed

Pass 513:
Speed : 85.291470853
new limit :60.000000000
Outside speed limit.Blocked

Pass 514:
Speed : 49.595040496
new limit :60.000000000
Inside speed limit..Passed

Pass 515:
Speed : 40.495950405
new limit :60.000000000
Inside speed limit..Passed

Pass 516:
Speed : 72.392760724
new limit :60.000000000
Outside speed limit.Blocked

Pass 517:
Speed : 37.096290371
new limit :60.000000000
Inside speed limit..Passed

Pass 518:
Speed : 48.995100490
new limit :60.000000000
Inside speed limit..Passed

Pass 519:
Speed : 64.593540646
new limit :60.000000000
Outside speed limit.Blocked

Pass 520:
Speed : 27.597240276
new limit :60.000000000
Inside speed limit..Passed

Pass 521:
Speed : 47.195280472
new limit :60.000000000
Inside speed limit..Passed

Pass 522:
Speed : 3.099690031
new limit :60.000000000
Inside speed limit..Passed

Pass 523:
Speed : 26.497350265
new limit :60.000000000
Inside speed limit..Passed

Pass 524:
Speed : 33.596640336
new limit :60.000000000
Inside speed limit..Passed

Pass 525:
Speed : 58.994100590
new limit :60.000000000
Inside speed limit..Passed

Pass 526:
Speed : 55.394460554
new limit :60.000000000
Inside speed limit..Passed

Pass 527:
Speed : 38.796120388
new limit :60.000000000
Inside speed limit..Passed

Pass 528:
Speed : 70.492950705
new limit :60.000000000
Outside speed limit.Blocked

Pass 529:
Speed : 70.792920708
new limit :60.000000000
Outside speed limit.Blocked

Pass 530:
Speed : 57.294270573
new limit :60.000000000
Inside speed limit..Passed

Pass 531:
Speed : 43.195680432
new limit :60.000000000
Inside speed limit..Passed

Pass 532:
Speed : 7.599240076
new limit :60.000000000
Inside speed limit..Passed

Pass 533:
Speed : 9.399060094
new limit :60.000000000
Inside speed limit..Passed

Pass 534:
Speed : 7.499250075
new limit :60.000000000
Inside speed limit..Passed

Pass 535:
Speed : 67.893210679
new limit :60.000000000
Outside speed limit.Blocked

Pass 536:
Speed : 73.992600740
new limit :60.000000000
Outside speed limit.Blocked

Pass 537:
Speed : 45.195480452
new limit :60.000000000
Inside speed limit..Passed

Pass 538:
Speed : 63.993600640
new limit :60.000000000
Outside speed limit.Blocked

Pass 539:
Speed : 82.191780822
new limit :60.000000000
Outside speed limit.Blocked

Pass 540:
Speed : 42.095790421
new limit :60.000000000
Inside speed limit..Passed

Pass 541:
Speed : 18.598140186
new limit :60.000000000
Inside speed limit..Passed

Pass 542:
Speed : 78.292170783
new limit :60.000000000
Outside speed limit.Blocked

Pass 543:
Speed : 82.891710829
new limit :60.000000000
Outside speed limit.Blocked

Pass 544:
Speed : 19.098090191
new limit :60.000000000
Inside speed limit..Passed

Pass 545:
Speed : 43.095690431
new limit :60.000000000
Inside speed limit..Passed

Pass 546:
Speed : 38.696130387
new limit :60.000000000
Inside speed limit..Passed

Pass 547:
Speed : 1.499850015
new limit :60.000000000
Inside speed limit..Passed

Pass 548:
Speed : 80.191980802
new limit :60.000000000
Outside speed limit.Blocked

Pass 549:
Speed : 2.899710029
new limit :60.000000000
Inside speed limit..Passed

Pass 550:
Speed : 71.292870713
new limit :60.000000000
Outside speed limit.Blocked

Pass 551:
Speed : 17.898210179
new limit :60.000000000
Inside speed limit..Passed

Pass 552:
Speed : 50.094990501
new limit :60.000000000
Inside speed limit..Passed

Pass 553:
Speed : 74.492550745
new limit :60.000000000
Outside speed limit.Blocked

Pass 554:
Speed : 44.395560444
new limit :60.000000000
Inside speed limit..Passed

Pass 555:
Speed : 83.691630837
new limit :60.000000000
Outside speed limit.Blocked

Pass 556:
Speed : 48.695130487
new limit :60.000000000
Inside speed limit..Passed

Pass 557:
Speed : 14.998500150
new limit :60.000000000
Inside speed limit..Passed

Pass 558:
Speed : 37.696230377
new limit :60.000000000
Inside speed limit..Passed

Pass 559:
Speed : 29.197080292
new limit :60.000000000
Inside speed limit..Passed

Pass 560:
Speed : 85.891410859
new limit :60.000000000
Outside speed limit.Blocked

Pass 561:
Speed : 4.999500050
new limit :60.000000000
Inside speed limit..Passed

Pass 562:
Speed : 77.592240776
new limit :60.000000000
Outside speed limit.Blocked

Pass 563:
Speed : 8.699130087
new limit :60.000000000
Inside speed limit..Passed

Pass 564:
Speed : 19.698030197
new limit :60.000000000
Inside speed limit..Passed

Pass 565:
Speed : 85.091490851
new limit :60.000000000
Outside speed limit.Blocked

Pass 566:
Speed : 81.791820818
new limit :60.000000000
Outside speed limit.Blocked

Pass 567:
Speed : 8.899110089
new limit :60.000000000
Inside speed limit..Passed

Pass 568:
Speed : 45.495450455
new limit :60.000000000
Inside speed limit..Passed

Pass 569:
Speed : 60.993900610
new limit :60.000000000
Outside speed limit.Blocked

Pass 570:
Speed : 1.099890011
new limit :60.000000000
Inside speed limit..Passed

Pass 571:
Speed : 87.591240876
new limit :60.000000000
Outside speed limit.Blocked

Pass 572:
Speed : 79.592040796
new limit :60.000000000
Outside speed limit.Blocked

Pass 573:
Speed : 84.591540846
new limit :60.000000000
Outside speed limit.Blocked

Pass 574:
Speed : 85.791420858
new limit :60.000000000
Outside speed limit.Blocked

Pass 575:
Speed : 13.898610139
new limit :60.000000000
Inside speed limit..Passed

Pass 576:
Speed : 37.696230377
new limit :60.000000000
Inside speed limit..Passed

Pass 577:
Speed : 39.696030397
new limit :60.000000000
Inside speed limit..Passed

Pass 578:
Speed : 15.498450155
new limit :60.000000000
Inside speed limit..Passed

Pass 579:
Speed : 33.196680332
new limit :60.000000000
Inside speed limit..Passed

Pass 580:
Speed : 42.595740426
new limit :60.000000000
Inside speed limit..Passed

Pass 581:
Speed : 1.999800020
new limit :60.000000000
Inside speed limit..Passed

Pass 582:
Speed : 51.094890511
new limit :60.000000000
Inside speed limit..Passed

Pass 583:
Speed : 2.799720028
new limit :60.000000000
Inside speed limit..Passed

Pass 584:
Speed : 76.492350765
new limit :60.000000000
Outside speed limit.Blocked

Pass 585:
Speed : 10.698930107
new limit :60.000000000
Inside speed limit..Passed

Pass 586:
Speed : 1.699830017
new limit :60.000000000
Inside speed limit..Passed

Pass 587:
Speed : 35.296470353
new limit :60.000000000
Inside speed limit..Passed

Pass 588:
Speed : 30.996900310
new limit :60.000000000
Inside speed limit..Passed

Pass 589:
Speed : 39.496050395
new limit :60.000000000
Inside speed limit..Passed

Pass 590:
Speed : 69.693030697
new limit :60.000000000
Outside speed limit.Blocked

Pass 591:
Speed : 32.096790321
new limit :60.000000000
Inside speed limit..Passed

Pass 592:
Speed : 49.695030497
new limit :60.000000000
Inside speed limit..Passed

Pass 593:
Speed : 57.394260574
new limit :60.000000000
Inside speed limit..Passed

Pass 594:
Speed : 40.795920408
new limit :60.000000000
Inside speed limit..Passed

Pass 595:
Speed : 69.393060694
new limit :60.000000000
Outside speed limit.Blocked

Pass 596:
Speed : 57.694230577
new limit :60.000000000
Inside speed limit..Passed

Pass 597:
Speed : 37.796220378
new limit :60.000000000
Inside speed limit..Passed

Pass 598:
Speed : 83.491650835
new limit :60.000000000
Outside speed limit.Blocked

Pass 599:
Speed : 18.498150185
new limit :60.000000000
Inside speed limit..Passed

Pass 600:
Speed : 8.799120088
new limit :60.000000000
Inside speed limit..Passed

Pass 601:
Speed : 89.891010899
new limit :60.000000000
Outside speed limit.Blocked

Pass 602:
Speed : 16.098390161
new limit :60.000000000
Inside speed limit..Passed

Pass 603:
Speed : 88.491150885
new limit :60.000000000
Outside speed limit.Blocked

Pass 604:
Speed : 89.691030897
new limit :60.000000000
Outside speed limit.Blocked

Pass 605:
Speed : 17.098290171
new limit :60.000000000
Inside speed limit..Passed

Pass 606:
Speed : 12.398760124
new limit :60.000000000
Inside speed limit..Passed

Pass 607:
Speed : 42.695730427
new limit :60.000000000
Inside speed limit..Passed

Pass 608:
Speed : 56.794320568
new limit :60.000000000
Inside speed limit..Passed

Pass 609:
Speed : 33.096690331
new limit :60.000000000
Inside speed limit..Passed

Pass 610:
Speed : 75.892410759
new limit :60.000000000
Outside speed limit.Blocked

Pass 611:
Speed : 9.499050095
new limit :60.000000000
Inside speed limit..Passed

Pass 612:
Speed : 35.196480352
new limit :60.000000000
Inside speed limit..Passed

Pass 613:
Speed : 42.195780422
new limit :60.000000000
Inside speed limit..Passed

Pass 614:
Speed : 17.498250175
new limit :60.000000000
Inside speed limit..Passed

Pass 615:
Speed : 26.897310269
new limit :60.000000000
Inside speed limit..Passed

Pass 616:
Speed : 58.094190581
new limit :60.000000000
Inside speed limit..Passed

Pass 617:
Speed : 19.198080192
new limit :60.000000000
Inside speed limit..Passed

Pass 618:
Speed : 62.193780622
new limit :60.000000000
Outside speed limit.Blocked

Pass 619:
Speed : 89.091090891
new limit :60.000000000
Outside speed limit.Blocked

Pass 620:
Speed : 63.893610639
new limit :60.000000000
Outside speed limit.Blocked

Pass 621:
Speed : 47.195280472
new limit :60.000000000
Inside speed limit..Passed

Pass 622:
Speed : 31.196880312
new limit :60.000000000
Inside speed limit..Passed

Pass 623:
Speed : 23.697630237
new limit :60.000000000
Inside speed limit..Passed

Pass 624:
Speed : 19.798020198
new limit :60.000000000
Inside speed limit..Passed

Pass 625:
Speed : 77.192280772
new limit :60.000000000
Outside speed limit.Blocked

Pass 626:
Speed : 8.299170083
new limit :60.000000000
Inside speed limit..Passed

Pass 627:
Speed : 77.492250775
new limit :60.000000000
Outside speed limit.Blocked

Pass 628:
Speed : 24.997500250
new limit :60.000000000
Inside speed limit..Passed

Pass 629:
Speed : 1.899810019
new limit :60.000000000
Inside speed limit..Passed

Pass 630:
Speed : 11.198880112
new limit :60.000000000
Inside speed limit..Passed

Pass 631:
Speed : 33.896610339
new limit :60.000000000
Inside speed limit..Passed

Pass 632:
Speed : 6.999300070
new limit :60.000000000
Inside speed limit..Passed

Pass 633:
Speed : 27.397260274
new limit :60.000000000
Inside speed limit..Passed

Pass 634:
Speed : 37.596240376
new limit :60.000000000
Inside speed limit..Passed

Pass 635:
Speed : 6.699330067
new limit :60.000000000
Inside speed limit..Passed

Pass 636:
Speed : 49.695030497
new limit :60.000000000
Inside speed limit..Passed

Pass 637:
Speed : 55.194480552
new limit :60.000000000
Inside speed limit..Passed

Pass 638:
Speed : 49.395060494
new limit :60.000000000
Inside speed limit..Passed

Pass 639:
Speed : 16.598340166
new limit :60.000000000
Inside speed limit..Passed

Pass 640:
Speed : 3.599640036
new limit :60.000000000
Inside speed limit..Passed

Pass 641:
Speed : 35.296470353
new limit :60.000000000
Inside speed limit..Passed

Pass 642:
Speed : 31.296870313
new limit :60.000000000
Inside speed limit..Passed

Pass 643:
Speed : 43.995600440
new limit :60.000000000
Inside speed limit..Passed

Pass 644:
Speed : 82.691730827
new limit :60.000000000
Outside speed limit.Blocked

Pass 645:
Speed : 53.994600540
new limit :60.000000000
Inside speed limit..Passed

Pass 646:
Speed : 70.892910709
new limit :60.000000000
Outside speed limit.Blocked

Pass 647:
Speed : 50.894910509
new limit :60.000000000
Inside speed limit..Passed

Pass 648:
Speed : 73.192680732
new limit :60.000000000
Outside speed limit.Blocked

Pass 649:
Speed : 48.395160484
new limit :60.000000000
Inside speed limit..Passed

Pass 650:
Speed : 55.194480552
new limit :60.000000000
Inside speed limit..Passed

Pass 651:
Speed : 47.195280472
new limit :60.000000000
Inside speed limit..Passed

Pass 652:
Speed : 5.599440056
new limit :60.000000000
Inside speed limit..Passed

Pass 653:
Speed : 86.491350865
new limit :60.000000000
Outside speed limit.Blocked

Pass 654:
Speed : 76.092390761
new limit :60.000000000
Outside speed limit.Blocked

Pass 655:
Speed : 25.397460254
new limit :60.000000000
Inside speed limit..Passed

Pass 656:
Speed : 78.892110789
new limit :60.000000000
Outside speed limit.Blocked

Pass 657:
Speed : 84.391560844
new limit :60.000000000
Outside speed limit.Blocked

Pass 658:
Speed : 18.098190181
new limit :60.000000000
Inside speed limit..Passed

Pass 659:
Speed : 19.198080192
new limit :60.000000000
Inside speed limit..Passed

Pass 660:
Speed : 1.499850015
new limit :60.000000000
Inside speed limit..Passed

Pass 661:
Speed : 29.397060294
new limit :60.000000000
Inside speed limit..Passed

Pass 662:
Speed : 58.294170583
new limit :60.000000000
Inside speed limit..Passed

Pass 663:
Speed : 8.499150085
new limit :60.000000000
Inside speed limit..Passed

Pass 664:
Speed : 61.993800620
new limit :60.000000000
Outside speed limit.Blocked

Pass 665:
Speed : 5.899410059
new limit :60.000000000
Inside speed limit..Passed

Pass 666:
Speed : 20.497950205
new limit :60.000000000
Inside speed limit..Passed

Pass 667:
Speed : 21.697830217
new limit :60.000000000
Inside speed limit..Passed

Pass 668:
Speed : 66.293370663
new limit :60.000000000
Outside speed limit.Blocked

Pass 669:
Speed : 69.893010699
new limit :60.000000000
Outside speed limit.Blocked

Pass 670:
Speed : 43.495650435
new limit :60.000000000
Inside speed limit..Passed

Pass 671:
Speed : 69.893010699
new limit :60.000000000
Outside speed limit.Blocked

Pass 672:
Speed : 20.497950205
new limit :60.000000000
Inside speed limit..Passed

Pass 673:
Speed : 79.992000800
new limit :60.000000000
Outside speed limit.Blocked

Pass 674:
Speed : 23.897610239
new limit :60.000000000
Inside speed limit..Passed

Pass 675:
Speed : 18.398160184
new limit :60.000000000
Inside speed limit..Passed

Pass 676:
Speed : 43.995600440
new limit :60.000000000
Inside speed limit..Passed

Pass 677:
Speed : 4.899510049
new limit :60.000000000
Inside speed limit..Passed

Pass 678:
Speed : 69.293070693
new limit :60.000000000
Outside speed limit.Blocked

Pass 679:
Speed : 27.297270273
new limit :60.000000000
Inside speed limit..Passed

Pass 680:
Speed : 58.494150585
new limit :60.000000000
Inside speed limit..Passed

Pass 681:
Speed : 34.596540346
new limit :60.000000000
Inside speed limit..Passed

Pass 682:
Speed : 79.692030797
new limit :60.000000000
Outside speed limit.Blocked

Pass 683:
Speed : 64.093590641
new limit :60.000000000
Outside speed limit.Blocked

Pass 684:
Speed : 36.296370363
new limit :60.000000000
Inside speed limit..Passed

Pass 685:
Speed : 70.992900710
new limit :60.000000000
Outside speed limit.Blocked

Pass 686:
Speed : 4.699530047
new limit :60.000000000
Inside speed limit..Passed

Pass 687:
Speed : 25.197480252
new limit :60.000000000
Inside speed limit..Passed

Pass 688:
Speed : 65.393460654
new limit :60.000000000
Outside speed limit.Blocked

Pass 689:
Speed : 22.797720228
new limit :60.000000000
Inside speed limit..Passed

Pass 690:
Speed : 44.395560444
new limit :60.000000000
Inside speed limit..Passed

Pass 691:
Speed : 72.192780722
new limit :60.000000000
Outside speed limit.Blocked

Pass 692:
Speed : 57.394260574
new limit :60.000000000
Inside speed limit..Passed

Pass 693:
Speed : 12.698730127
new limit :60.000000000
Inside speed limit..Passed

Pass 694:
Speed : 85.891410859
new limit :60.000000000
Outside speed limit.Blocked

Pass 695:
Speed : 29.397060294
new limit :60.000000000
Inside speed limit..Passed

Pass 696:
Speed : 23.797620238
new limit :60.000000000
Inside speed limit..Passed

Pass 697:
Speed : 16.398360164
new limit :60.000000000
Inside speed limit..Passed

Pass 698:
Speed : 56.394360564
new limit :60.000000000
Inside speed limit..Passed

Pass 699:
Speed : 0.199980002
new limit :60.000000000
Inside speed limit..Passed

Pass 700:
Speed : 1.599840016
new limit :60.000000000
Inside speed limit..Passed

Pass 701:
Speed : 15.098490151
new limit :60.000000000
Inside speed limit..Passed

Pass 702:
Speed : 75.292470753
new limit :60.000000000
Outside speed limit.Blocked

Pass 703:
Speed : 27.297270273
new limit :60.000000000
Inside speed limit..Passed

Pass 704:
Speed : 5.199480052
new limit :60.000000000
Inside speed limit..Passed

Pass 705:
Speed : 14.498550145
new limit :60.000000000
Inside speed limit..Passed

Pass 706:
Speed : 45.695430457
new limit :60.000000000
Inside speed limit..Passed

Pass 707:
Speed : 49.195080492
new limit :60.000000000
Inside speed limit..Passed

Pass 708:
Speed : 24.597540246
new limit :60.000000000
Inside speed limit..Passed

Pass 709:
Speed : 25.097490251
new limit :60.000000000
Inside speed limit..Passed

Pass 710:
Speed : 81.691830817
new limit :60.000000000
Outside speed limit.Blocked

Pass 711:
Speed : 83.091690831
new limit :60.000000000
Outside speed limit.Blocked

Pass 712:
Speed : 64.893510649
new limit :60.000000000
Outside speed limit.Blocked

Pass 713:
Speed : 71.392860714
new limit :60.000000000
Outside speed limit.Blocked

Pass 714:
Speed : 62.393760624
new limit :60.000000000
Outside speed limit.Blocked

Pass 715:
Speed : 11.198880112
new limit :60.000000000
Inside speed limit..Passed

Pass 716:
Speed : 52.394760524
new limit :60.000000000
Inside speed limit..Passed

Pass 717:
Speed : 67.093290671
new limit :60.000000000
Outside speed limit.Blocked

Pass 718:
Speed : 41.595840416
new limit :60.000000000
Inside speed limit..Passed

Pass 719:
Speed : 33.096690331
new limit :60.000000000
Inside speed limit..Passed

Pass 720:
Speed : 5.099490051
new limit :60.000000000
Inside speed limit..Passed

Pass 721:
Speed : 1.299870013
new limit :60.000000000
Inside speed limit..Passed

Pass 722:
Speed : 20.497950205
new limit :60.000000000
Inside speed limit..Passed

Pass 723:
Speed : 62.593740626
new limit :60.000000000
Outside speed limit.Blocked

Pass 724:
Speed : 13.998600140
new limit :60.000000000
Inside speed limit..Passed

Pass 725:
Speed : 21.597840216
new limit :60.000000000
Inside speed limit..Passed

Pass 726:
Speed : 7.199280072
new limit :60.000000000
Inside speed limit..Passed

Pass 727:
Speed : 43.095690431
new limit :60.000000000
Inside speed limit..Passed

Pass 728:
Speed : 43.295670433
new limit :60.000000000
Inside speed limit..Passed

Pass 729:
Speed : 68.793120688
new limit :60.000000000
Outside speed limit.Blocked

Pass 730:
Speed : 48.495150485
new limit :60.000000000
Inside speed limit..Passed

Pass 731:
Speed : 44.895510449
new limit :60.000000000
Inside speed limit..Passed

Pass 732:
Speed : 83.991600840
new limit :60.000000000
Outside speed limit.Blocked

Pass 733:
Speed : 33.796620338
new limit :60.000000000
Inside speed limit..Passed

Pass 734:
Speed : 72.192780722
new limit :60.000000000
Outside speed limit.Blocked

Pass 735:
Speed : 89.191080892
new limit :60.000000000
Outside speed limit.Blocked

Pass 736:
Speed : 53.494650535
new limit :60.000000000
Inside speed limit..Passed

Pass 737:
Speed : 33.096690331
new limit :60.000000000
Inside speed limit..Passed

Pass 738:
Speed : 53.594640536
new limit :60.000000000
Inside speed limit..Passed

Pass 739:
Speed : 78.092190781
new limit :60.000000000
Outside speed limit.Blocked

Pass 740:
Speed : 63.393660634
new limit :60.000000000
Outside speed limit.Blocked

Pass 741:
Speed : 45.395460454
new limit :60.000000000
Inside speed limit..Passed

Pass 742:
Speed : 71.192880712
new limit :60.000000000
Outside speed limit.Blocked

Pass 743:
Speed : 38.296170383
new limit :60.000000000
Inside speed limit..Passed

Pass 744:
Speed : 26.797320268
new limit :60.000000000
Inside speed limit..Passed

Pass 745:
Speed : 43.595640436
new limit :60.000000000
Inside speed limit..Passed

Pass 746:
Speed : 54.694530547
new limit :60.000000000
Inside speed limit..Passed

Pass 747:
Speed : 84.491550845
new limit :60.000000000
Outside speed limit.Blocked

Pass 748:
Speed : 25.897410259
new limit :60.000000000
Inside speed limit..Passed

Pass 749:
Speed : 6.399360064
new limit :60.000000000
Inside speed limit..Passed

Pass 750:
Speed : 32.796720328
new limit :60.000000000
Inside speed limit..Passed

Pass 751:
Speed : 31.096890311
new limit :60.000000000
Inside speed limit..Passed

Pass 752:
Speed : 7.699230077
new limit :60.000000000
Inside speed limit..Passed

Pass 753:
Speed : 58.494150585
new limit :60.000000000
Inside speed limit..Passed

Pass 754:
Speed : 8.899110089
new limit :60.000000000
Inside speed limit..Passed

Pass 755:
Speed : 26.897310269
new limit :60.000000000
Inside speed limit..Passed

Pass 756:
Speed : 80.091990801
new limit :60.000000000
Outside speed limit.Blocked

Pass 757:
Speed : 21.297870213
new limit :60.000000000
Inside speed limit..Passed

Pass 758:
Speed : 75.192480752
new limit :60.000000000
Outside speed limit.Blocked

Pass 759:
Speed : 33.396660334
new limit :60.000000000
Inside speed limit..Passed

Pass 760:
Speed : 5.399460054
new limit :60.000000000
Inside speed limit..Passed

Pass 761:
Speed : 33.696630337
new limit :60.000000000
Inside speed limit..Passed

Pass 762:
Speed : 83.491650835
new limit :60.000000000
Outside speed limit.Blocked

Pass 763:
Speed : 4.599540046
new limit :60.000000000
Inside speed limit..Passed

Pass 764:
Speed : 72.792720728
new limit :60.000000000
Outside speed limit.Blocked

Pass 765:
Speed : 65.693430657
new limit :60.000000000
Outside speed limit.Blocked

Pass 766:
Speed : 8.999100090
new limit :60.000000000
Inside speed limit..Passed

Pass 767:
Speed : 36.296370363
new limit :60.000000000
Inside speed limit..Passed

Pass 768:
Speed : 14.098590141
new limit :60.000000000
Inside speed limit..Passed

Pass 769:
Speed : 62.593740626
new limit :60.000000000
Outside speed limit.Blocked

Pass 770:
Speed : 24.497550245
new limit :60.000000000
Inside speed limit..Passed

Pass 771:
Speed : 77.492250775
new limit :60.000000000
Outside speed limit.Blocked

Pass 772:
Speed : 17.998200180
new limit :60.000000000
Inside speed limit..Passed

Pass 773:
Speed : 10.898910109
new limit :60.000000000
Inside speed limit..Passed

Pass 774:
Speed : 25.897410259
new limit :60.000000000
Inside speed limit..Passed

Pass 775:
Speed : 50.094990501
new limit :60.000000000
Inside speed limit..Passed

Pass 776:
Speed : 59.794020598
new limit :60.000000000
Inside speed limit..Passed

Pass 777:
Speed : 85.791420858
new limit :60.000000000
Outside speed limit.Blocked

Pass 778:
Speed : 49.795020498
new limit :60.000000000
Inside speed limit..Passed

Pass 779:
Speed : 0.899910009
new limit :60.000000000
Inside speed limit..Passed

Pass 780:
Speed : 2.199780022
new limit :60.000000000
Inside speed limit..Passed

Pass 781:
Speed : 82.591740826
new limit :60.000000000
Outside speed limit.Blocked

Pass 782:
Speed : 37.196280372
new limit :60.000000000
Inside speed limit..Passed

Pass 783:
Speed : 15.098490151
new limit :60.000000000
Inside speed limit..Passed

Pass 784:
Speed : 56.294370563
new limit :60.000000000
Inside speed limit..Passed

Pass 785:
Speed : 51.294870513
new limit :60.000000000
Inside speed limit..Passed

Pass 786:
Speed : 47.295270473
new limit :60.000000000
Inside speed limit..Passed

Pass 787:
Speed : 46.395360464
new limit :60.000000000
Inside speed limit..Passed

Pass 788:
Speed : 72.692730727
new limit :60.000000000
Outside speed limit.Blocked

Pass 789:
Speed : 32.496750325
new limit :60.000000000
Inside speed limit..Passed

Pass 790:
Speed : 79.892010799
new limit :60.000000000
Outside speed limit.Blocked

Pass 791:
Speed : 83.291670833
new limit :60.000000000
Outside speed limit.Blocked

Pass 792:
Speed : 71.492850715
new limit :60.000000000
Outside speed limit.Blocked

Pass 793:
Speed : 73.392660734
new limit :60.000000000
Outside speed limit.Blocked

Pass 794:
Speed : 87.891210879
new limit :60.000000000
Outside speed limit.Blocked

Pass 795:
Speed : 54.294570543
new limit :60.000000000
Inside speed limit..Passed

Pass 796:
Speed : 54.394560544
new limit :60.000000000
Inside speed limit..Passed

Pass 797:
Speed : 6.899310069
new limit :60.000000000
Inside speed limit..Passed

Pass 798:
Speed : 5.799420058
new limit :60.000000000
Inside speed limit..Passed

Pass 799:
Speed : 73.692630737
new limit :60.000000000
Outside speed limit.Blocked

Pass 800:
Speed : 69.493050695
new limit :60.000000000
Outside speed limit.Blocked

Pass 801:
Speed : 35.496450355
new limit :60.000000000
Inside speed limit..Passed

Pass 802:
Speed : 61.193880612
new limit :60.000000000
Outside speed limit.Blocked

Pass 803:
Speed : 87.591240876
new limit :60.000000000
Outside speed limit.Blocked

Pass 804:
Speed : 51.694830517
new limit :60.000000000
Inside speed limit..Passed

Pass 805:
Speed : 2.299770023
new limit :60.000000000
Inside speed limit..Passed

Pass 806:
Speed : 52.894710529
new limit :60.000000000
Inside speed limit..Passed

Pass 807:
Speed : 21.497850215
new limit :60.000000000
Inside speed limit..Passed

Pass 808:
Speed : 88.191180882
new limit :60.000000000
Outside speed limit.Blocked

Pass 809:
Speed : 12.698730127
new limit :60.000000000
Inside speed limit..Passed

Pass 810:
Speed : 22.397760224
new limit :60.000000000
Inside speed limit..Passed

Pass 811:
Speed : 5.599440056
new limit :60.000000000
Inside speed limit..Passed

Pass 812:
Speed : 10.498950105
new limit :60.000000000
Inside speed limit..Passed

Pass 813:
Speed : 59.694030597
new limit :60.000000000
Inside speed limit..Passed

Pass 814:
Speed : 20.797920208
new limit :60.000000000
Inside speed limit..Passed

Pass 815:
Speed : 66.793320668
new limit :60.000000000
Outside speed limit.Blocked

Pass 816:
Speed : 20.997900210
new limit :60.000000000
Inside speed limit..Passed

Pass 817:
Speed : 73.292670733
new limit :60.000000000
Outside speed limit.Blocked

Pass 818:
Speed : 23.197680232
new limit :60.000000000
Inside speed limit..Passed

Pass 819:
Speed : 8.899110089
new limit :60.000000000
Inside speed limit..Passed

Pass 820:
Speed : 20.997900210
new limit :60.000000000
Inside speed limit..Passed

Pass 821:
Speed : 18.298170183
new limit :60.000000000
Inside speed limit..Passed

Pass 822:
Speed : 2.199780022
new limit :60.000000000
Inside speed limit..Passed

Pass 823:
Speed : 2.499750025
new limit :60.000000000
Inside speed limit..Passed

Pass 824:
Speed : 6.999300070
new limit :60.000000000
Inside speed limit..Passed

Pass 825:
Speed : 5.299470053
new limit :60.000000000
Inside speed limit..Passed

Pass 826:
Speed : 61.993800620
new limit :60.000000000
Outside speed limit.Blocked

Pass 827:
Speed : 66.593340666
new limit :60.000000000
Outside speed limit.Blocked

Pass 828:
Speed : 12.198780122
new limit :60.000000000
Inside speed limit..Passed

Pass 829:
Speed : 67.893210679
new limit :60.000000000
Outside speed limit.Blocked

Pass 830:
Speed : 50.294970503
new limit :60.000000000
Inside speed limit..Passed

Pass 831:
Speed : 81.791820818
new limit :60.000000000
Outside speed limit.Blocked

Pass 832:
Speed : 13.398660134
new limit :60.000000000
Inside speed limit..Passed

Pass 833:
Speed : 21.497850215
new limit :60.000000000
Inside speed limit..Passed

Pass 834:
Speed : 84.591540846
new limit :60.000000000
Outside speed limit.Blocked

Pass 835:
Speed : 65.093490651
new limit :60.000000000
Outside speed limit.Blocked

Pass 836:
Speed : 23.897610239
new limit :60.000000000
Inside speed limit..Passed

Pass 837:
Speed : 47.495250475
new limit :60.000000000
Inside speed limit..Passed

Pass 838:
Speed : 1.799820018
new limit :60.000000000
Inside speed limit..Passed

Pass 839:
Speed : 27.297270273
new limit :60.000000000
Inside speed limit..Passed

Pass 840:
Speed : 65.393460654
new limit :60.000000000
Outside speed limit.Blocked

Pass 841:
Speed : 29.497050295
new limit :60.000000000
Inside speed limit..Passed

Pass 842:
Speed : 32.896710329
new limit :60.000000000
Inside speed limit..Passed

Pass 843:
Speed : 75.892410759
new limit :60.000000000
Outside speed limit.Blocked

Pass 844:
Speed : 4.399560044
new limit :60.000000000
Inside speed limit..Passed

Pass 845:
Speed : 58.894110589
new limit :60.000000000
Inside speed limit..Passed

Pass 846:
Speed : 52.694730527
new limit :60.000000000
Inside speed limit..Passed

Pass 847:
Speed : 25.397460254
new limit :60.000000000
Inside speed limit..Passed

Pass 848:
Speed : 42.195780422
new limit :60.000000000
Inside speed limit..Passed

Pass 849:
Speed : 81.091890811
new limit :60.000000000
Outside speed limit.Blocked

Pass 850:
Speed : 39.596040396
new limit :60.000000000
Inside speed limit..Passed

Pass 851:
Speed : 63.293670633
new limit :60.000000000
Outside speed limit.Blocked

Pass 852:
Speed : 9.499050095
new limit :60.000000000
Inside speed limit..Passed

Pass 853:
Speed : 46.995300470
new limit :60.000000000
Inside speed limit..Passed

Pass 854:
Speed : 70.992900710
new limit :60.000000000
Outside speed limit.Blocked

Pass 855:
Speed : 21.697830217
new limit :60.000000000
Inside speed limit..Passed

Pass 856:
Speed : 52.394760524
new limit :60.000000000
Inside speed limit..Passed

Pass 857:
Speed : 43.095690431
new limit :60.000000000
Inside speed limit..Passed

Pass 858:
Speed : 88.291170883
new limit :60.000000000
Outside speed limit.Blocked

Pass 859:
Speed : 64.593540646
new limit :60.000000000
Outside speed limit.Blocked

Pass 860:
Speed : 20.997900210
new limit :60.000000000
Inside speed limit..Passed

Pass 861:
Speed : 53.794620538
new limit :60.000000000
Inside speed limit..Passed

Pass 862:
Speed : 61.593840616
new limit :60.000000000
Outside speed limit.Blocked

Pass 863:
Speed : 39.596040396
new limit :60.000000000
Inside speed limit..Passed

Pass 864:
Speed : 75.292470753
new limit :60.000000000
Outside speed limit.Blocked

Pass 865:
Speed : 61.393860614
new limit :60.000000000
Outside speed limit.Blocked

Pass 866:
Speed : 19.998000200
new limit :60.000000000
Inside speed limit..Passed

Pass 867:
Speed : 14.398560144
new limit :60.000000000
Inside speed limit..Passed

Pass 868:
Speed : 24.097590241
new limit :60.000000000
Inside speed limit..Passed

Pass 869:
Speed : 21.797820218
new limit :60.000000000
Inside speed limit..Passed

Pass 870:
Speed : 41.695830417
new limit :60.000000000
Inside speed limit..Passed

Pass 871:
Speed : 89.491050895
new limit :60.000000000
Outside speed limit.Blocked

Pass 872:
Speed : 56.494350565
new limit :60.000000000
Inside speed limit..Passed

Pass 873:
Speed : 79.892010799
new limit :60.000000000
Outside speed limit.Blocked

Pass 874:
Speed : 80.591940806
new limit :60.000000000
Outside speed limit.Blocked

Pass 875:
Speed : 60.893910609
new limit :60.000000000
Outside speed limit.Blocked

Pass 876:
Speed : 48.795120488
new limit :60.000000000
Inside speed limit..Passed

Pass 877:
Speed : 43.295670433
new limit :60.000000000
Inside speed limit..Passed

Pass 878:
Speed : 1.599840016
new limit :60.000000000
Inside speed limit..Passed

Pass 879:
Speed : 6.299370063
new limit :60.000000000
Inside speed limit..Passed

Pass 880:
Speed : 34.496550345
new limit :60.000000000
Inside speed limit..Passed

Pass 881:
Speed : 41.195880412
new limit :60.000000000
Inside speed limit..Passed

Pass 882:
Speed : 69.593040696
new limit :60.000000000
Outside speed limit.Blocked

Pass 883:
Speed : 49.195080492
new limit :60.000000000
Inside speed limit..Passed

Pass 884:
Speed : 88.191180882
new limit :60.000000000
Outside speed limit.Blocked

Pass 885:
Speed : 50.594940506
new limit :60.000000000
Inside speed limit..Passed

Pass 886:
Speed : 70.892910709
new limit :60.000000000
Outside speed limit.Blocked

Pass 887:
Speed : 55.794420558
new limit :60.000000000
Inside speed limit..Passed

Pass 888:
Speed : 8.899110089
new limit :60.000000000
Inside speed limit..Passed

Pass 889:
Speed : 74.392560744
new limit :60.000000000
Outside speed limit.Blocked

Pass 890:
Speed : 30.496950305
new limit :60.000000000
Inside speed limit..Passed

Pass 891:
Speed : 29.897010299
new limit :60.000000000
Inside speed limit..Passed

Pass 892:
Speed : 38.196180382
new limit :60.000000000
Inside speed limit..Passed

Pass 893:
Speed : 7.299270073
new limit :60.000000000
Inside speed limit..Passed

Pass 894:
Speed : 74.792520748
new limit :60.000000000
Outside speed limit.Blocked

Pass 895:
Speed : 28.697130287
new limit :60.000000000
Inside speed limit..Passed

Pass 896:
Speed : 73.992600740
new limit :60.000000000
Outside speed limit.Blocked

Pass 897:
Speed : 4.799520048
new limit :60.000000000
Inside speed limit..Passed

Pass 898:
Speed : 43.195680432
new limit :60.000000000
Inside speed limit..Passed

Pass 899:
Speed : 13.298670133
new limit :60.000000000
Inside speed limit..Passed

Pass 900:
Speed : 31.796820318
new limit :60.000000000
Inside speed limit..Passed

Pass 901:
Speed : 0.099990001
new limit :60.000000000
Inside speed limit..Passed

Pass 902:
Speed : 18.098190181
new limit :60.000000000
Inside speed limit..Passed

Pass 903:
Speed : 88.391160884
new limit :60.000000000
Outside speed limit.Blocked

Pass 904:
Speed : 85.191480852
new limit :60.000000000
Outside speed limit.Blocked

Pass 905:
Speed : 8.699130087
new limit :60.000000000
Inside speed limit..Passed

Pass 906:
Speed : 59.294070593
new limit :60.000000000
Inside speed limit..Passed

Pass 907:
Speed : 44.095590441
new limit :60.000000000
Inside speed limit..Passed

Pass 908:
Speed : 57.294270573
new limit :60.000000000
Inside speed limit..Passed

Pass 909:
Speed : 66.093390661
new limit :60.000000000
Outside speed limit.Blocked

Pass 910:
Speed : 50.394960504
new limit :60.000000000
Inside speed limit..Passed

Pass 911:
Speed : 6.999300070
new limit :60.000000000
Inside speed limit..Passed

Pass 912:
Speed : 17.298270173
new limit :60.000000000
Inside speed limit..Passed

Pass 913:
Speed : 35.196480352
new limit :60.000000000
Inside speed limit..Passed

Pass 914:
Speed : 56.194380562
new limit :60.000000000
Inside speed limit..Passed

Pass 915:
Speed : 20.797920208
new limit :60.000000000
Inside speed limit..Passed

Pass 916:
Speed : 0.999900010
new limit :60.000000000
Inside speed limit..Passed

Pass 917:
Speed : 42.295770423
new limit :60.000000000
Inside speed limit..Passed

Pass 918:
Speed : 76.592340766
new limit :60.000000000
Outside speed limit.Blocked

Pass 919:
Speed : 9.999000100
new limit :60.000000000
Inside speed limit..Passed

Pass 920:
Speed : 26.697330267
new limit :60.000000000
Inside speed limit..Passed

Pass 921:
Speed : 22.297770223
new limit :60.000000000
Inside speed limit..Passed

Pass 922:
Speed : 45.095490451
new limit :60.000000000
Inside speed limit..Passed

Pass 923:
Speed : 64.893510649
new limit :60.000000000
Outside speed limit.Blocked

Pass 924:
Speed : 34.896510349
new limit :60.000000000
Inside speed limit..Passed

Pass 925:
Speed : 29.897010299
new limit :60.000000000
Inside speed limit..Passed

Pass 926:
Speed : 8.799120088
new limit :60.000000000
Inside speed limit..Passed

Pass 927:
Speed : 18.898110189
new limit :60.000000000
Inside speed limit..Passed

Pass 928:
Speed : 39.896010399
new limit :60.000000000
Inside speed limit..Passed

Pass 929:
Speed : 51.994800520
new limit :60.000000000
Inside speed limit..Passed

Pass 930:
Speed : 37.396260374
new limit :60.000000000
Inside speed limit..Passed

Pass 931:
Speed : 71.792820718
new limit :60.000000000
Outside speed limit.Blocked

Pass 932:
Speed : 57.394260574
new limit :60.000000000
Inside speed limit..Passed

Pass 933:
Speed : 55.494450555
new limit :60.000000000
Inside speed limit..Passed

Pass 934:
Speed : 75.392460754
new limit :60.000000000
Outside speed limit.Blocked

Pass 935:
Speed : 52.594740526
new limit :60.000000000
Inside speed limit..Passed

Pass 936:
Speed : 64.293570643
new limit :60.000000000
Outside speed limit.Blocked

Pass 937:
Speed : 49.895010499
new limit :60.000000000
Inside speed limit..Passed

Pass 938:
Speed : 11.898810119
new limit :60.000000000
Inside speed limit..Passed

Pass 939:
Speed : 36.796320368
new limit :60.000000000
Inside speed limit..Passed

Pass 940:
Speed : 26.097390261
new limit :60.000000000
Inside speed limit..Passed

Pass 941:
Speed : 62.293770623
new limit :60.000000000
Outside speed limit.Blocked

Pass 942:
Speed : 43.795620438
new limit :60.000000000
Inside speed limit..Passed

Pass 943:
Speed : 48.595140486
new limit :60.000000000
Inside speed limit..Passed

Pass 944:
Speed : 12.698730127
new limit :60.000000000
Inside speed limit..Passed

Pass 945:
Speed : 9.999000100
new limit :60.000000000
Inside speed limit..Passed

Pass 946:
Speed : 69.393060694
new limit :60.000000000
Outside speed limit.Blocked

Pass 947:
Speed : 13.798620138
new limit :60.000000000
Inside speed limit..Passed

Pass 948:
Speed : 57.494250575
new limit :60.000000000
Inside speed limit..Passed

Pass 949:
Speed : 56.094390561
new limit :60.000000000
Inside speed limit..Passed

Pass 950:
Speed : 28.997100290
new limit :60.000000000
Inside speed limit..Passed

Pass 951:
Speed : 84.191580842
new limit :60.000000000
Outside speed limit.Blocked

Pass 952:
Speed : 83.591640836
new limit :60.000000000
Outside speed limit.Blocked

Pass 953:
Speed : 79.292070793
new limit :60.000000000
Outside speed limit.Blocked

Pass 954:
Speed : 64.293570643
new limit :60.000000000
Outside speed limit.Blocked

Pass 955:
Speed : 28.497150285
new limit :60.000000000
Inside speed limit..Passed

Pass 956:
Speed : 19.298070193
new limit :60.000000000
Inside speed limit..Passed

Pass 957:
Speed : 73.092690731
new limit :60.000000000
Outside speed limit.Blocked

Pass 958:
Speed : 52.594740526
new limit :60.000000000
Inside speed limit..Passed

Pass 959:
Speed : 64.393560644
new limit :60.000000000
Outside speed limit.Blocked

Pass 960:
Speed : 40.395960404
new limit :60.000000000
Inside speed limit..Passed

Pass 961:
Speed : 0.099990001
new limit :60.000000000
Inside speed limit..Passed

Pass 962:
Speed : 51.394860514
new limit :60.000000000
Inside speed limit..Passed

Pass 963:
Speed : 7.799220078
new limit :60.000000000
Inside speed limit..Passed

Pass 964:
Speed : 55.594440556
new limit :60.000000000
Inside speed limit..Passed

Pass 965:
Speed : 36.796320368
new limit :60.000000000
Inside speed limit..Passed

Pass 966:
Speed : 65.593440656
new limit :60.000000000
Outside speed limit.Blocked

Pass 967:
Speed : 35.096490351
new limit :60.000000000
Inside speed limit..Passed

Pass 968:
Speed : 1.999800020
new limit :60.000000000
Inside speed limit..Passed

Pass 969:
Speed : 77.592240776
new limit :60.000000000
Outside speed limit.Blocked

Pass 970:
Speed : 71.892810719
new limit :60.000000000
Outside speed limit.Blocked

Pass 971:
Speed : 33.296670333
new limit :60.000000000
Inside speed limit..Passed

Pass 972:
Speed : 55.094490551
new limit :60.000000000
Inside speed limit..Passed

Pass 973:
Speed : 25.697430257
new limit :60.000000000
Inside speed limit..Passed

Pass 974:
Speed : 81.891810819
new limit :60.000000000
Outside speed limit.Blocked

Pass 975:
Speed : 67.893210679
new limit :60.000000000
Outside speed limit.Blocked

Pass 976:
Speed : 35.696430357
new limit :60.000000000
Inside speed limit..Passed

Pass 977:
Speed : 61.393860614
new limit :60.000000000
Outside speed limit.Blocked

Pass 978:
Speed : 86.891310869
new limit :60.000000000
Outside speed limit.Blocked

Pass 979:
Speed : 8.399160084
new limit :60.000000000
Inside speed limit..Passed

Pass 980:
Speed : 32.696730327
new limit :60.000000000
Inside speed limit..Passed

Pass 981:
Speed : 31.096890311
new limit :60.000000000
Inside speed limit..Passed

Pass 982:
Speed : 2.599740026
new limit :60.000000000
Inside speed limit..Passed

Pass 983:
Speed : 26.297370263
new limit :60.000000000
Inside speed limit..Passed

Pass 984:
Speed : 20.397960204
new limit :60.000000000
Inside speed limit..Passed

Pass 985:
Speed : 72.092790721
new limit :60.000000000
Outside speed limit.Blocked

Pass 986:
Speed : 54.894510549
new limit :60.000000000
Inside speed limit..Passed

Pass 987:
Speed : 44.895510449
new limit :60.000000000
Inside speed limit..Passed

Pass 988:
Speed : 55.294470553
new limit :60.000000000
Inside speed limit..Passed

Pass 989:
Speed : 17.498250175
new limit :60.000000000
Inside speed limit..Passed

Pass 990:
Speed : 19.398060194
new limit :60.000000000
Inside speed limit..Passed

Pass 991:
Speed : 10.898910109
new limit :60.000000000
Inside speed limit..Passed

Pass 992:
Speed : 22.797720228
new limit :60.000000000
Inside speed limit..Passed

Pass 993:
Speed : 70.792920708
new limit :60.000000000
Outside speed limit.Blocked

Pass 994:
Speed : 23.897610239
new limit :60.000000000
Inside speed limit..Passed

Pass 995:
Speed : 78.492150785
new limit :60.000000000
Outside speed limit.Blocked

Pass 996:
Speed : 22.897710229
new limit :60.000000000
Inside speed limit..Passed

Pass 997:
Speed : 89.491050895
new limit :60.000000000
Outside speed limit.Blocked

Pass 998:
Speed : 23.597640236
new limit :60.000000000
Inside speed limit..Passed

Pass 999:
Speed : 30.096990301
new limit :60.000000000
Inside speed limit..Passed

Pass 1000:
